<?xml version="1.0" encoding="UTF-8"?>
<testng-results ignored="8" total="11" passed="3" failed="0" skipped="0">
  <reporter-output>
  </reporter-output>
  <suite started-at="2024-12-09T18:02:32 IST" name="Suite_to_automate_SIM" finished-at="2024-12-09T18:03:24 IST" duration-ms="51966">
    <groups>
    </groups>
    <test started-at="2024-12-09T18:02:32 IST" name="Test" finished-at="2024-12-09T18:03:24 IST" duration-ms="51966">
      <class name="Sim_automation.InvoicCreationdummy">
        <test-method signature="invoiceform()[pri:3, instance:Sim_automation.InvoicCreationdummy@293a5bf6]" started-at="2024-12-09T18:02:58 IST" name="invoiceform" description="Add an Invoice in the SIM-Web App" finished-at="2024-12-09T18:03:17 IST" duration-ms="19653" status="PASS">
          <reporter-output>
          </reporter-output>
        </test-method> <!-- invoiceform -->
      </class> <!-- Sim_automation.InvoicCreationdummy -->
      <class name="Sim_automation.Login">
        <test-method is-config="true" signature="reportGenerate()[pri:0, instance:Sim_automation.Login@77847718]" started-at="2024-12-09T18:02:31 IST" name="reportGenerate" finished-at="2024-12-09T18:02:32 IST" duration-ms="175" status="PASS">
          <reporter-output>
          </reporter-output>
        </test-method> <!-- reportGenerate -->
        <test-method is-config="true" signature="browserOpen()[pri:0, instance:Sim_automation.Login@77847718]" started-at="2024-12-09T18:02:32 IST" name="browserOpen" finished-at="2024-12-09T18:02:41 IST" duration-ms="9658" status="PASS">
          <reporter-output>
          </reporter-output>
        </test-method> <!-- browserOpen -->
        <test-method signature="logindata()[pri:1, instance:Sim_automation.Login@77847718]" started-at="2024-12-09T18:02:41 IST" name="logindata" description="Login in the SIM-Web App" finished-at="2024-12-09T18:02:58 IST" duration-ms="16199" status="PASS">
          <reporter-output>
          </reporter-output>
        </test-method> <!-- logindata -->
        <test-method is-config="true" signature="logout()[pri:0, instance:Sim_automation.Login@77847718]" started-at="2024-12-09T18:03:24 IST" name="logout" finished-at="2024-12-09T18:03:24 IST" duration-ms="97" status="PASS">
          <reporter-output>
          </reporter-output>
        </test-method> <!-- logout -->
        <test-method is-config="true" signature="endReport()[pri:0, instance:Sim_automation.Login@77847718]" started-at="2024-12-09T18:03:24 IST" name="endReport" finished-at="2024-12-09T18:03:24 IST" duration-ms="240" status="PASS">
          <reporter-output>
          </reporter-output>
        </test-method> <!-- endReport -->
      </class> <!-- Sim_automation.Login -->
      <class name="Sim_automation.LogOut">
        <test-method signature="logOutdata()[pri:9, instance:Sim_automation.LogOut@6aeb35e6]" started-at="2024-12-09T18:03:17 IST" name="logOutdata" description="Log-Out From the SIM-Web App" finished-at="2024-12-09T18:03:24 IST" duration-ms="6332" status="PASS">
          <reporter-output>
          </reporter-output>
        </test-method> <!-- logOutdata -->
      </class> <!-- Sim_automation.LogOut -->
    </test> <!-- Test -->
  </suite> <!-- Suite_to_automate_SIM -->
</testng-results>
