<?xml version="1.0" encoding="UTF-8"?>
<testng-results ignored="0" total="1" passed="1" failed="0" skipped="0">
  <reporter-output>
  </reporter-output>
  <suite started-at="2024-06-07T11:56:34 IST" name="Suite_to_automate_SIM" finished-at="2024-06-07T11:57:01 IST" duration-ms="26223">
    <groups>
    </groups>
    <test started-at="2024-06-07T11:56:34 IST" name="Test" finished-at="2024-06-07T11:57:01 IST" duration-ms="26223">
      <class name="Sim_automation.InvoiceCreation">
        <test-method is-config="true" signature="browserOpen()[pri:0, instance:Sim_automation.InvoiceCreation@64e7619d]" started-at="2024-06-07T11:56:34 IST" name="browserOpen" finished-at="2024-06-07T11:56:42 IST" duration-ms="7423" status="PASS">
          <reporter-output>
          </reporter-output>
        </test-method> <!-- browserOpen -->
        <test-method signature="invoiceform()[pri:0, instance:Sim_automation.InvoiceCreation@64e7619d]" started-at="2024-06-07T11:56:42 IST" name="invoiceform" finished-at="2024-06-07T11:57:00 IST" duration-ms="17666" status="PASS">
          <reporter-output>
          </reporter-output>
        </test-method> <!-- invoiceform -->
        <test-method is-config="true" signature="closeBrowser()[pri:0, instance:Sim_automation.InvoiceCreation@64e7619d]" started-at="2024-06-07T11:57:00 IST" name="closeBrowser" finished-at="2024-06-07T11:57:01 IST" duration-ms="1090" status="PASS">
          <reporter-output>
          </reporter-output>
        </test-method> <!-- closeBrowser -->
      </class> <!-- Sim_automation.InvoiceCreation -->
    </test> <!-- Test -->
  </suite> <!-- Suite_to_automate_SIM -->
</testng-results>
