<?xml version="1.0" encoding="UTF-8"?>
<!-- Generated by org.testng.reporters.JUnitXMLReporter -->
<testsuite ignored="4" hostname="mtr" failures="0" tests="2" name="Chrome Test" time="29.057" errors="0" timestamp="2024-11-26T15:31:18 IST">
  <testcase classname="Sim_automation.Login" name="logindata" time="13.846"/>
  <testcase classname="Sim_automation.LogOut" name="logOutdata" time="0.241"/>
  <testcase classname="browserSetup.BrowserOpen" name="@BeforeTest browserOpen" time="0.0">
    <ignored/>
  </testcase> <!-- @BeforeTest browserOpen -->
  <testcase classname="browserSetup.BrowserOpen" name="@AfterSuite endReport" time="0.0">
    <ignored/>
  </testcase> <!-- @AfterSuite endReport -->
  <testcase classname="browserSetup.BrowserOpen" name="@AfterTest logout" time="0.0">
    <ignored/>
  </testcase> <!-- @AfterTest logout -->
  <testcase classname="browserSetup.BrowserOpen" name="@BeforeSuite reportGenerate" time="0.0">
    <ignored/>
  </testcase> <!-- @BeforeSuite reportGenerate -->
</testsuite> <!-- Chrome Test -->
