<?xml version="1.0" encoding="UTF-8"?>
<!-- Generated by org.testng.reporters.JUnitXMLReporter -->
<testsuite ignored="32" hostname="mtr" failures="3" tests="9" name="Test" time="152.979" errors="0" timestamp="2024-12-18T17:46:16 IST">
  <testcase classname="Sim_automation.Login" name="logindata" time="14.348"/>
  <testcase classname="Sim_automation.PurchaseCreation" name="Purchaseform" time="21.643"/>
  <testcase classname="Sim_automation.InvoiceCreation" name="invoiceform" time="23.381"/>
  <testcase classname="Sim_automation.PurchaseOrderCreation" name="PurchaseOrderform" time="17.623"/>
  <testcase classname="Sim_automation.SaleOrderCreation" name="SaleOrderform" time="17.249"/>
  <testcase classname="Sim_automation.EstimateCreation" name="Estimateform" time="17.06"/>
  <testcase classname="Sim_automation.PaymentReceivedCreation" name="paymentRecivedForm" time="16.789">
    <failure type="java.lang.AssertionError" message="Form open to fill up Details for the receipt of the corresponding Payment expected [true] but found [false]">
      <![CDATA[java.lang.AssertionError: Form open to fill up Details for the receipt of the corresponding Payment expected [true] but found [false]
at Sim_automation.PaymentReceivedCreation.paymentRecivedForm(PaymentReceivedCreation.java:24)
at java.base/java.util.ArrayList.forEach(ArrayList.java:1596)
at java.base/java.util.concurrent.FutureTask.run(FutureTask.java:317)
at java.base/java.util.concurrent.ThreadPoolExecutor.runWorker(ThreadPoolExecutor.java:1144)
at java.base/java.util.concurrent.ThreadPoolExecutor$Worker.run(ThreadPoolExecutor.java:642)
at java.base/java.lang.Thread.run(Thread.java:1583)
... Removed 21 stack frames]]>
    </failure>
  </testcase> <!-- paymentRecivedForm -->
  <testcase classname="Sim_automation.PaymentPaidCreation" name="paymentPecivedForm" time="1.117">
    <failure type="java.lang.AssertionError" message="Payment List Form Open expected [true] but found [false]">
      <![CDATA[java.lang.AssertionError: Payment List Form Open expected [true] but found [false]
at Sim_automation.PaymentPaidCreation.paymentPecivedForm(PaymentPaidCreation.java:17)
at java.base/java.util.ArrayList.forEach(ArrayList.java:1596)
at java.base/java.util.concurrent.FutureTask.run(FutureTask.java:317)
at java.base/java.util.concurrent.ThreadPoolExecutor.runWorker(ThreadPoolExecutor.java:1144)
at java.base/java.util.concurrent.ThreadPoolExecutor$Worker.run(ThreadPoolExecutor.java:642)
at java.base/java.lang.Thread.run(Thread.java:1583)
... Removed 21 stack frames]]>
    </failure>
  </testcase> <!-- paymentPecivedForm -->
  <testcase classname="Sim_automation.LogOut" name="logOutdata" time="7.333">
    <failure type="java.lang.AssertionError" message="USer Log-Out From the SIM-Web App successfully expected [true] but found [false]">
      <![CDATA[java.lang.AssertionError: USer Log-Out From the SIM-Web App successfully expected [true] but found [false]
at Sim_automation.LogOut.logOutdata(LogOut.java:14)
at java.base/java.util.ArrayList.forEach(ArrayList.java:1596)
at java.base/java.util.concurrent.FutureTask.run(FutureTask.java:317)
at java.base/java.util.concurrent.ThreadPoolExecutor.runWorker(ThreadPoolExecutor.java:1144)
at java.base/java.util.concurrent.ThreadPoolExecutor$Worker.run(ThreadPoolExecutor.java:642)
at java.base/java.lang.Thread.run(Thread.java:1583)
... Removed 21 stack frames]]>
    </failure>
  </testcase> <!-- logOutdata -->
  <testcase classname="browserSetup.BrowserOpen" name="@BeforeTest browserOpen" time="0.0">
    <ignored/>
  </testcase> <!-- @BeforeTest browserOpen -->
  <testcase classname="browserSetup.BrowserOpen" name="@BeforeTest browserOpen" time="0.0">
    <ignored/>
  </testcase> <!-- @BeforeTest browserOpen -->
  <testcase classname="browserSetup.BrowserOpen" name="@BeforeTest browserOpen" time="0.0">
    <ignored/>
  </testcase> <!-- @BeforeTest browserOpen -->
  <testcase classname="browserSetup.BrowserOpen" name="@BeforeTest browserOpen" time="0.0">
    <ignored/>
  </testcase> <!-- @BeforeTest browserOpen -->
  <testcase classname="browserSetup.BrowserOpen" name="@BeforeTest browserOpen" time="0.0">
    <ignored/>
  </testcase> <!-- @BeforeTest browserOpen -->
  <testcase classname="browserSetup.BrowserOpen" name="@BeforeTest browserOpen" time="0.0">
    <ignored/>
  </testcase> <!-- @BeforeTest browserOpen -->
  <testcase classname="browserSetup.BrowserOpen" name="@BeforeTest browserOpen" time="0.0">
    <ignored/>
  </testcase> <!-- @BeforeTest browserOpen -->
  <testcase classname="browserSetup.BrowserOpen" name="@BeforeTest browserOpen" time="0.0">
    <ignored/>
  </testcase> <!-- @BeforeTest browserOpen -->
  <testcase classname="browserSetup.BrowserOpen" name="@AfterTest logout" time="0.0">
    <ignored/>
  </testcase> <!-- @AfterTest logout -->
  <testcase classname="browserSetup.BrowserOpen" name="@AfterTest logout" time="0.0">
    <ignored/>
  </testcase> <!-- @AfterTest logout -->
  <testcase classname="browserSetup.BrowserOpen" name="@AfterTest logout" time="0.0">
    <ignored/>
  </testcase> <!-- @AfterTest logout -->
  <testcase classname="browserSetup.BrowserOpen" name="@AfterTest logout" time="0.0">
    <ignored/>
  </testcase> <!-- @AfterTest logout -->
  <testcase classname="browserSetup.BrowserOpen" name="@AfterTest logout" time="0.0">
    <ignored/>
  </testcase> <!-- @AfterTest logout -->
  <testcase classname="browserSetup.BrowserOpen" name="@AfterTest logout" time="0.0">
    <ignored/>
  </testcase> <!-- @AfterTest logout -->
  <testcase classname="browserSetup.BrowserOpen" name="@AfterTest logout" time="0.0">
    <ignored/>
  </testcase> <!-- @AfterTest logout -->
  <testcase classname="browserSetup.BrowserOpen" name="@AfterTest logout" time="0.0">
    <ignored/>
  </testcase> <!-- @AfterTest logout -->
  <testcase classname="browserSetup.BrowserOpen" name="@AfterSuite endReport" time="0.0">
    <ignored/>
  </testcase> <!-- @AfterSuite endReport -->
  <testcase classname="browserSetup.BrowserOpen" name="@AfterSuite endReport" time="0.0">
    <ignored/>
  </testcase> <!-- @AfterSuite endReport -->
  <testcase classname="browserSetup.BrowserOpen" name="@AfterSuite endReport" time="0.0">
    <ignored/>
  </testcase> <!-- @AfterSuite endReport -->
  <testcase classname="browserSetup.BrowserOpen" name="@AfterSuite endReport" time="0.0">
    <ignored/>
  </testcase> <!-- @AfterSuite endReport -->
  <testcase classname="browserSetup.BrowserOpen" name="@AfterSuite endReport" time="0.0">
    <ignored/>
  </testcase> <!-- @AfterSuite endReport -->
  <testcase classname="browserSetup.BrowserOpen" name="@AfterSuite endReport" time="0.0">
    <ignored/>
  </testcase> <!-- @AfterSuite endReport -->
  <testcase classname="browserSetup.BrowserOpen" name="@AfterSuite endReport" time="0.0">
    <ignored/>
  </testcase> <!-- @AfterSuite endReport -->
  <testcase classname="browserSetup.BrowserOpen" name="@AfterSuite endReport" time="0.0">
    <ignored/>
  </testcase> <!-- @AfterSuite endReport -->
  <testcase classname="browserSetup.BrowserOpen" name="@BeforeSuite reportGenerate" time="0.0">
    <ignored/>
  </testcase> <!-- @BeforeSuite reportGenerate -->
  <testcase classname="browserSetup.BrowserOpen" name="@BeforeSuite reportGenerate" time="0.0">
    <ignored/>
  </testcase> <!-- @BeforeSuite reportGenerate -->
  <testcase classname="browserSetup.BrowserOpen" name="@BeforeSuite reportGenerate" time="0.0">
    <ignored/>
  </testcase> <!-- @BeforeSuite reportGenerate -->
  <testcase classname="browserSetup.BrowserOpen" name="@BeforeSuite reportGenerate" time="0.0">
    <ignored/>
  </testcase> <!-- @BeforeSuite reportGenerate -->
  <testcase classname="browserSetup.BrowserOpen" name="@BeforeSuite reportGenerate" time="0.0">
    <ignored/>
  </testcase> <!-- @BeforeSuite reportGenerate -->
  <testcase classname="browserSetup.BrowserOpen" name="@BeforeSuite reportGenerate" time="0.0">
    <ignored/>
  </testcase> <!-- @BeforeSuite reportGenerate -->
  <testcase classname="browserSetup.BrowserOpen" name="@BeforeSuite reportGenerate" time="0.0">
    <ignored/>
  </testcase> <!-- @BeforeSuite reportGenerate -->
  <testcase classname="browserSetup.BrowserOpen" name="@BeforeSuite reportGenerate" time="0.0">
    <ignored/>
  </testcase> <!-- @BeforeSuite reportGenerate -->
</testsuite> <!-- Test -->
